  GameScreen.cpp
C:\Users\arjuu\source\repos\Dungeon_Descent\SFML-3.0.0\include\SFML\System\Exception.hpp(41,47): warning C4275: non dll-interface class 'std::runtime_error' used as base for dll-interface class 'sf::Exception'
  (compiling source file 'GameScreen.cpp')
      C:\Program Files\Microsoft Visual Studio\2022\Community\VC\Tools\MSVC\14.43.34808\include\stdexcept(100,19):
      see declaration of 'std::runtime_error'
      C:\Users\arjuu\source\repos\Dungeon_Descent\SFML-3.0.0\include\SFML\System\Exception.hpp(41,23):
      see declaration of 'sf::Exception'
  
C:\Users\arjuu\source\repos\Dungeon_Descent\GameScreen.h(570,12): warning C4244: 'argument': conversion from 'time_t' to 'unsigned int', possible loss of data
  (compiling source file 'GameScreen.cpp')
  
C:\Users\arjuu\source\repos\Dungeon_Descent\GameScreen.h(577,13): warning C4244: 'argument': conversion from 'time_t' to 'unsigned int', possible loss of data
  (compiling source file 'GameScreen.cpp')
  
C:\Users\arjuu\source\repos\Dungeon_Descent\GameScreen.h(582,13): warning C4244: 'argument': conversion from 'time_t' to 'unsigned int', possible loss of data
  (compiling source file 'GameScreen.cpp')
  
C:\Users\arjuu\source\repos\Dungeon_Descent\GameScreen.h(1060,11): warning C4267: 'initializing': conversion from 'size_t' to 'int', possible loss of data
  (compiling source file 'GameScreen.cpp')
  
C:\Users\arjuu\source\repos\Dungeon_Descent\GameScreen.h(1119,11): warning C4267: 'initializing': conversion from 'size_t' to 'int', possible loss of data
  (compiling source file 'GameScreen.cpp')
  
C:\Users\arjuu\source\repos\Dungeon_Descent\GameScreen.h(1458,35): warning C4244: '+=': conversion from 'float' to 'int', possible loss of data
  (compiling source file 'GameScreen.cpp')
  
  Riddles.cpp
C:\Users\arjuu\source\repos\Dungeon_Descent\Riddles.cpp(61,23): warning C4244: 'argument': conversion from 'time_t' to 'unsigned int', possible loss of data
C:\Users\arjuu\source\repos\Dungeon_Descent\Riddles.cpp(125,23): warning C4244: 'argument': conversion from 'time_t' to 'unsigned int', possible loss of data
C:\Users\arjuu\source\repos\Dungeon_Descent\Riddles.cpp(190,23): warning C4244: 'argument': conversion from 'time_t' to 'unsigned int', possible loss of data
  StartScreen.cpp
C:\Users\arjuu\source\repos\Dungeon_Descent\SFML-3.0.0\include\SFML\System\Exception.hpp(41,47): warning C4275: non dll-interface class 'std::runtime_error' used as base for dll-interface class 'sf::Exception'
  (compiling source file 'StartScreen.cpp')
      C:\Program Files\Microsoft Visual Studio\2022\Community\VC\Tools\MSVC\14.43.34808\include\stdexcept(100,19):
      see declaration of 'std::runtime_error'
      C:\Users\arjuu\source\repos\Dungeon_Descent\SFML-3.0.0\include\SFML\System\Exception.hpp(41,23):
      see declaration of 'sf::Exception'
  
C:\Users\arjuu\source\repos\Dungeon_Descent\GameScreen.h(570,12): warning C4244: 'argument': conversion from 'time_t' to 'unsigned int', possible loss of data
  (compiling source file 'StartScreen.cpp')
  
C:\Users\arjuu\source\repos\Dungeon_Descent\GameScreen.h(577,13): warning C4244: 'argument': conversion from 'time_t' to 'unsigned int', possible loss of data
  (compiling source file 'StartScreen.cpp')
  
C:\Users\arjuu\source\repos\Dungeon_Descent\GameScreen.h(582,13): warning C4244: 'argument': conversion from 'time_t' to 'unsigned int', possible loss of data
  (compiling source file 'StartScreen.cpp')
  
C:\Users\arjuu\source\repos\Dungeon_Descent\GameScreen.h(1060,11): warning C4267: 'initializing': conversion from 'size_t' to 'int', possible loss of data
  (compiling source file 'StartScreen.cpp')
  
C:\Users\arjuu\source\repos\Dungeon_Descent\GameScreen.h(1119,11): warning C4267: 'initializing': conversion from 'size_t' to 'int', possible loss of data
  (compiling source file 'StartScreen.cpp')
  
C:\Users\arjuu\source\repos\Dungeon_Descent\GameScreen.h(1458,35): warning C4244: '+=': conversion from 'float' to 'int', possible loss of data
  (compiling source file 'StartScreen.cpp')
  
  Generating Code...
C:\Users\arjuu\source\repos\Dungeon_Descent\StartScreen.cpp(120,1): warning C4715: 'WinMain': not all control paths return a value
  Battle.obj : MSIL module encountered; incremental linking is disabled for MSIL; performing full link
  Dungeon_Descent.vcxproj -> C:\Users\arjuu\source\repos\Dungeon_Descent\x64\Release\Dungeon_Descent.exe
