  GameScreen.cpp
C:\Users\arjuu\source\repos\Dungeon_Descent\SFML-3.0.0\include\SFML\System\Exception.hpp(41,47): warning C4275: non dll-interface class 'std::runtime_error' used as base for dll-interface class 'sf::Exception'
  (compiling source file 'GameScreen.cpp')
      C:\Program Files\Microsoft Visual Studio\2022\Community\VC\Tools\MSVC\14.43.34808\include\stdexcept(100,19):
      see declaration of 'std::runtime_error'
      C:\Users\arjuu\source\repos\Dungeon_Descent\SFML-3.0.0\include\SFML\System\Exception.hpp(41,23):
      see declaration of 'sf::Exception'
  
C:\Users\arjuu\source\repos\Dungeon_Descent\GameScreen.h(700,13): warning C4244: 'argument': conversion from 'time_t' to 'unsigned int', possible loss of data
  (compiling source file 'GameScreen.cpp')
  
C:\Users\arjuu\source\repos\Dungeon_Descent\GameScreen.h(765,13): warning C4244: 'argument': conversion from 'time_t' to 'unsigned int', possible loss of data
  (compiling source file 'GameScreen.cpp')
  
C:\Users\arjuu\source\repos\Dungeon_Descent\GameScreen.h(830,13): warning C4244: 'argument': conversion from 'time_t' to 'unsigned int', possible loss of data
  (compiling source file 'GameScreen.cpp')
  
C:\Users\arjuu\source\repos\Dungeon_Descent\GameScreen.h(1411,14): warning C4244: 'argument': conversion from 'time_t' to 'unsigned int', possible loss of data
  (compiling source file 'GameScreen.cpp')
  
C:\Users\arjuu\source\repos\Dungeon_Descent\GameScreen.h(1598,13): warning C4244: 'argument': conversion from 'time_t' to 'unsigned int', possible loss of data
  (compiling source file 'GameScreen.cpp')
  
  StartScreen.cpp
C:\Users\arjuu\source\repos\Dungeon_Descent\SFML-3.0.0\include\SFML\System\Exception.hpp(41,47): warning C4275: non dll-interface class 'std::runtime_error' used as base for dll-interface class 'sf::Exception'
  (compiling source file 'StartScreen.cpp')
      C:\Program Files\Microsoft Visual Studio\2022\Community\VC\Tools\MSVC\14.43.34808\include\stdexcept(100,19):
      see declaration of 'std::runtime_error'
      C:\Users\arjuu\source\repos\Dungeon_Descent\SFML-3.0.0\include\SFML\System\Exception.hpp(41,23):
      see declaration of 'sf::Exception'
  
C:\Users\arjuu\source\repos\Dungeon_Descent\GameScreen.h(700,13): warning C4244: 'argument': conversion from 'time_t' to 'unsigned int', possible loss of data
  (compiling source file 'StartScreen.cpp')
  
C:\Users\arjuu\source\repos\Dungeon_Descent\GameScreen.h(765,13): warning C4244: 'argument': conversion from 'time_t' to 'unsigned int', possible loss of data
  (compiling source file 'StartScreen.cpp')
  
C:\Users\arjuu\source\repos\Dungeon_Descent\GameScreen.h(830,13): warning C4244: 'argument': conversion from 'time_t' to 'unsigned int', possible loss of data
  (compiling source file 'StartScreen.cpp')
  
C:\Users\arjuu\source\repos\Dungeon_Descent\GameScreen.h(1411,14): warning C4244: 'argument': conversion from 'time_t' to 'unsigned int', possible loss of data
  (compiling source file 'StartScreen.cpp')
  
C:\Users\arjuu\source\repos\Dungeon_Descent\GameScreen.h(1598,13): warning C4244: 'argument': conversion from 'time_t' to 'unsigned int', possible loss of data
  (compiling source file 'StartScreen.cpp')
  
  Generating Code...
  Battle.obj : MSIL module encountered; incremental linking is disabled for MSIL; performing full link
  Dungeon_Descent.vcxproj -> C:\Users\arjuu\source\repos\Dungeon_Descent\x64\Debug\Dungeon_Descent.exe
